# JRE version: OpenJDK Runtime Environment Temurin-17.0.13+11 (17.0.13+11) (build 17.0.13+11)
# Java VM: OpenJDK 64-Bit Server VM Temurin-17.0.13+11 (17.0.13+11, mixed mode, tiered, compressed oops, compressed class ptrs, parallel gc, windows-amd64)
GC Precious Log:
 CPUs: 12 total, 12 available
 Memory: 16068M
 Large Page Support: Disabled
 NUMA Support: Disabled
 Compressed Oops: Enabled (32-bit)
 Alignments: Space 512K, Generation 512K, Heap 2M
 Heap Min Capacity: 100M
 Heap Initial Capacity: 100M
 Heap Max Capacity: 1G
 Pre-touch: Disabled
 Parallel Workers: 10
Heap:
 PSYoungGen      total 9216K, used 7254K [0x00000000eab00000, 0x00000000eb700000, 0x0000000100000000)
  eden space 7680K, 74% used [0x00000000eab00000,0x00000000eb0992f0,0x00000000eb280000)
  from space 1536K, 99% used [0x00000000eb480000,0x00000000eb5fc5a8,0x00000000eb600000)
  to   space 2048K, 0% used [0x00000000eb280000,0x00000000eb280000,0x00000000eb480000)
 ParOldGen       total 190464K, used 168546K [0x00000000c0000000, 0x00000000cba00000, 0x00000000eab00000)
  object space 190464K, 88% used [0x00000000c0000000,0x00000000ca498a38,0x00000000cba00000)
 Metaspace       used 63500K, committed 64768K, reserved 1114112K
  class space    used 6754K, committed 7296K, reserved 1048576K
GC Heap History (20 events):
Event: 11.771 GC heap before
{Heap before GC invocations=198 (full 7):
 PSYoungGen      total 7680K, used 7387K [0x00000000eab00000, 0x00000000eb500000, 0x0000000100000000)
  eden space 6144K, 100% used [0x00000000eab00000,0x00000000eb100000,0x00000000eb100000)
  from space 1536K, 80% used [0x00000000eb100000,0x00000000eb236c68,0x00000000eb280000)
  to   space 1536K, 0% used [0x00000000eb380000,0x00000000eb380000,0x00000000eb500000)
 ParOldGen       total 164864K, used 161373K [0x00000000c0000000, 0x00000000ca100000, 0x00000000eab00000)
  object space 164864K, 97% used [0x00000000c0000000,0x00000000c9d97520,0x00000000ca100000)
 Metaspace       used 63283K, committed 64448K, reserved 1114112K
  class space    used 6732K, committed 7232K, reserved 1048576K
}
Event: 11.773 GC heap after
{Heap after GC invocations=198 (full 7):
 PSYoungGen      total 8704K, used 1210K [0x00000000eab00000, 0x00000000eb500000, 0x0000000100000000)
  eden space 7168K, 0% used [0x00000000eab00000,0x00000000eab00000,0x00000000eb200000)
  from space 1536K, 78% used [0x00000000eb380000,0x00000000eb4aebc0,0x00000000eb500000)
  to   space 1536K, 0% used [0x00000000eb200000,0x00000000eb200000,0x00000000eb380000)
 ParOldGen       total 164864K, used 162475K [0x00000000c0000000, 0x00000000ca100000, 0x00000000eab00000)
  object space 164864K, 98% used [0x00000000c0000000,0x00000000c9eaad80,0x00000000ca100000)
 Metaspace       used 63283K, committed 64448K, reserved 1114112K
  class space    used 6732K, committed 7232K, reserved 1048576K
}
Event: 11.789 GC heap before
{Heap before GC invocations=199 (full 7):
 PSYoungGen      total 8704K, used 8378K [0x00000000eab00000, 0x00000000eb500000, 0x0000000100000000)
  eden space 7168K, 100% used [0x00000000eab00000,0x00000000eb200000,0x00000000eb200000)
  from space 1536K, 78% used [0x00000000eb380000,0x00000000eb4aebc0,0x00000000eb500000)
  to   space 1536K, 0% used [0x00000000eb200000,0x00000000eb200000,0x00000000eb380000)
 ParOldGen       total 164864K, used 162475K [0x00000000c0000000, 0x00000000ca100000, 0x00000000eab00000)
  object space 164864K, 98% used [0x00000000c0000000,0x00000000c9eaad80,0x00000000ca100000)
 Metaspace       used 63303K, committed 64448K, reserved 1114112K
  class space    used 6734K, committed 7232K, reserved 1048576K
}
Event: 11.790 GC heap after
{Heap after GC invocations=199 (full 7):
 PSYoungGen      total 8704K, used 1313K [0x00000000eab00000, 0x00000000eb500000, 0x0000000100000000)
  eden space 7168K, 0% used [0x00000000eab00000,0x00000000eab00000,0x00000000eb200000)
  from space 1536K, 85% used [0x00000000eb200000,0x00000000eb3484d0,0x00000000eb380000)
  to   space 1536K, 0% used [0x00000000eb380000,0x00000000eb380000,0x00000000eb500000)
 ParOldGen       total 164864K, used 163517K [0x00000000c0000000, 0x00000000ca100000, 0x00000000eab00000)
  object space 164864K, 99% used [0x00000000c0000000,0x00000000c9faf4c0,0x00000000ca100000)
 Metaspace       used 63303K, committed 64448K, reserved 1114112K
  class space    used 6734K, committed 7232K, reserved 1048576K
}
Event: 11.808 GC heap before
{Heap before GC invocations=200 (full 7):
 PSYoungGen      total 8704K, used 8481K [0x00000000eab00000, 0x00000000eb500000, 0x0000000100000000)
  eden space 7168K, 100% used [0x00000000eab00000,0x00000000eb200000,0x00000000eb200000)
  from space 1536K, 85% used [0x00000000eb200000,0x00000000eb3484d0,0x00000000eb380000)
  to   space 1536K, 0% used [0x00000000eb380000,0x00000000eb380000,0x00000000eb500000)
 ParOldGen       total 164864K, used 163517K [0x00000000c0000000, 0x00000000ca100000, 0x00000000eab00000)
  object space 164864K, 99% used [0x00000000c0000000,0x00000000c9faf4c0,0x00000000ca100000)
 Metaspace       used 63391K, committed 64576K, reserved 1114112K
  class space    used 6746K, committed 7232K, reserved 1048576K
}
Event: 11.810 GC heap after
{Heap after GC invocations=200 (full 7):
 PSYoungGen      total 8704K, used 1304K [0x00000000eab00000, 0x00000000eb500000, 0x0000000100000000)
  eden space 7168K, 0% used [0x00000000eab00000,0x00000000eab00000,0x00000000eb200000)
  from space 1536K, 84% used [0x00000000eb380000,0x00000000eb4c62b0,0x00000000eb500000)
  to   space 1536K, 0% used [0x00000000eb200000,0x00000000eb200000,0x00000000eb380000)
 ParOldGen       total 164864K, used 164710K [0x00000000c0000000, 0x00000000ca100000, 0x00000000eab00000)
  object space 164864K, 99% used [0x00000000c0000000,0x00000000ca0d9868,0x00000000ca100000)
 Metaspace       used 63391K, committed 64576K, reserved 1114112K
  class space    used 6746K, committed 7232K, reserved 1048576K
}
Event: 11.828 GC heap before
{Heap before GC invocations=201 (full 8):
 PSYoungGen      total 8704K, used 8472K [0x00000000eab00000, 0x00000000eb500000, 0x0000000100000000)
  eden space 7168K, 100% used [0x00000000eab00000,0x00000000eb200000,0x00000000eb200000)
  from space 1536K, 84% used [0x00000000eb380000,0x00000000eb4c62b0,0x00000000eb500000)
  to   space 1536K, 0% used [0x00000000eb200000,0x00000000eb200000,0x00000000eb380000)
 ParOldGen       total 164864K, used 164710K [0x00000000c0000000, 0x00000000ca100000, 0x00000000eab00000)
  object space 164864K, 99% used [0x00000000c0000000,0x00000000ca0d9868,0x00000000ca100000)
 Metaspace       used 63427K, committed 64640K, reserved 1114112K
  class space    used 6751K, committed 7232K, reserved 1048576K
}
Event: 12.017 GC heap after
{Heap after GC invocations=201 (full 8):
 PSYoungGen      total 8704K, used 0K [0x00000000eab00000, 0x00000000eb600000, 0x0000000100000000)
  eden space 7168K, 0% used [0x00000000eab00000,0x00000000eab00000,0x00000000eb200000)
  from space 1536K, 0% used [0x00000000eb200000,0x00000000eb200000,0x00000000eb380000)
  to   space 1536K, 0% used [0x00000000eb480000,0x00000000eb480000,0x00000000eb600000)
 ParOldGen       total 190464K, used 161062K [0x00000000c0000000, 0x00000000cba00000, 0x00000000eab00000)
  object space 190464K, 84% used [0x00000000c0000000,0x00000000c9d49ab8,0x00000000cba00000)
 Metaspace       used 63427K, committed 64640K, reserved 1114112K
  class space    used 6751K, committed 7232K, reserved 1048576K
}
Event: 12.046 GC heap before
{Heap before GC invocations=202 (full 8):
 PSYoungGen      total 8704K, used 7168K [0x00000000eab00000, 0x00000000eb600000, 0x0000000100000000)
  eden space 7168K, 100% used [0x00000000eab00000,0x00000000eb200000,0x00000000eb200000)
  from space 1536K, 0% used [0x00000000eb200000,0x00000000eb200000,0x00000000eb380000)
  to   space 1536K, 0% used [0x00000000eb480000,0x00000000eb480000,0x00000000eb600000)
 ParOldGen       total 190464K, used 161062K [0x00000000c0000000, 0x00000000cba00000, 0x00000000eab00000)
  object space 190464K, 84% used [0x00000000c0000000,0x00000000c9d49ab8,0x00000000cba00000)
 Metaspace       used 63446K, committed 64704K, reserved 1114112K
  class space    used 6754K, committed 7296K, reserved 1048576K
}
Event: 12.048 GC heap after
{Heap after GC invocations=202 (full 8):
 PSYoungGen      total 9216K, used 1265K [0x00000000eab00000, 0x00000000eb600000, 0x0000000100000000)
  eden space 7680K, 0% used [0x00000000eab00000,0x00000000eab00000,0x00000000eb280000)
  from space 1536K, 82% used [0x00000000eb480000,0x00000000eb5bc5c0,0x00000000eb600000)
  to   space 1536K, 0% used [0x00000000eb300000,0x00000000eb300000,0x00000000eb480000)
 ParOldGen       total 190464K, used 161062K [0x00000000c0000000, 0x00000000cba00000, 0x00000000eab00000)
  object space 190464K, 84% used [0x00000000c0000000,0x00000000c9d49ab8,0x00000000cba00000)
 Metaspace       used 63446K, committed 64704K, reserved 1114112K
  class space    used 6754K, committed 7296K, reserved 1048576K
}
Event: 12.079 GC heap before
{Heap before GC invocations=203 (full 8):
 PSYoungGen      total 9216K, used 8945K [0x00000000eab00000, 0x00000000eb600000, 0x0000000100000000)
  eden space 7680K, 100% used [0x00000000eab00000,0x00000000eb280000,0x00000000eb280000)
  from space 1536K, 82% used [0x00000000eb480000,0x00000000eb5bc5c0,0x00000000eb600000)
  to   space 1536K, 0% used [0x00000000eb300000,0x00000000eb300000,0x00000000eb480000)
 ParOldGen       total 190464K, used 161062K [0x00000000c0000000, 0x00000000cba00000, 0x00000000eab00000)
  object space 190464K, 84% used [0x00000000c0000000,0x00000000c9d49ab8,0x00000000cba00000)
 Metaspace       used 63468K, committed 64704K, reserved 1114112K
  class space    used 6754K, committed 7296K, reserved 1048576K
}
Event: 12.081 GC heap after
{Heap after GC invocations=203 (full 8):
 PSYoungGen      total 9216K, used 1519K [0x00000000eab00000, 0x00000000eb600000, 0x0000000100000000)
  eden space 7680K, 0% used [0x00000000eab00000,0x00000000eab00000,0x00000000eb280000)
  from space 1536K, 98% used [0x00000000eb300000,0x00000000eb47bc00,0x00000000eb480000)
  to   space 1536K, 0% used [0x00000000eb480000,0x00000000eb480000,0x00000000eb600000)
 ParOldGen       total 190464K, used 161994K [0x00000000c0000000, 0x00000000cba00000, 0x00000000eab00000)
  object space 190464K, 85% used [0x00000000c0000000,0x00000000c9e32b48,0x00000000cba00000)
 Metaspace       used 63468K, committed 64704K, reserved 1114112K
  class space    used 6754K, committed 7296K, reserved 1048576K
}
Event: 12.105 GC heap before
{Heap before GC invocations=204 (full 8):
 PSYoungGen      total 9216K, used 9199K [0x00000000eab00000, 0x00000000eb600000, 0x0000000100000000)
  eden space 7680K, 100% used [0x00000000eab00000,0x00000000eb280000,0x00000000eb280000)
  from space 1536K, 98% used [0x00000000eb300000,0x00000000eb47bc00,0x00000000eb480000)
  to   space 1536K, 0% used [0x00000000eb480000,0x00000000eb480000,0x00000000eb600000)
 ParOldGen       total 190464K, used 161994K [0x00000000c0000000, 0x00000000cba00000, 0x00000000eab00000)
  object space 190464K, 85% used [0x00000000c0000000,0x00000000c9e32b48,0x00000000cba00000)
 Metaspace       used 63473K, committed 64704K, reserved 1114112K
  class space    used 6754K, committed 7296K, reserved 1048576K
}
Event: 12.106 GC heap after
{Heap after GC invocations=204 (full 8):
 PSYoungGen      total 9216K, used 1536K [0x00000000eab00000, 0x00000000eb700000, 0x0000000100000000)
  eden space 7680K, 0% used [0x00000000eab00000,0x00000000eab00000,0x00000000eb280000)
  from space 1536K, 100% used [0x00000000eb480000,0x00000000eb600000,0x00000000eb600000)
  to   space 2048K, 0% used [0x00000000eb280000,0x00000000eb280000,0x00000000eb480000)
 ParOldGen       total 190464K, used 163459K [0x00000000c0000000, 0x00000000cba00000, 0x00000000eab00000)
  object space 190464K, 85% used [0x00000000c0000000,0x00000000c9fa0f30,0x00000000cba00000)
 Metaspace       used 63473K, committed 64704K, reserved 1114112K
  class space    used 6754K, committed 7296K, reserved 1048576K
}
Event: 12.126 GC heap before
{Heap before GC invocations=205 (full 8):
 PSYoungGen      total 9216K, used 9216K [0x00000000eab00000, 0x00000000eb700000, 0x0000000100000000)
  eden space 7680K, 100% used [0x00000000eab00000,0x00000000eb280000,0x00000000eb280000)
  from space 1536K, 100% used [0x00000000eb480000,0x00000000eb600000,0x00000000eb600000)
  to   space 2048K, 0% used [0x00000000eb280000,0x00000000eb280000,0x00000000eb480000)
 ParOldGen       total 190464K, used 163459K [0x00000000c0000000, 0x00000000cba00000, 0x00000000eab00000)
  object space 190464K, 85% used [0x00000000c0000000,0x00000000c9fa0f30,0x00000000cba00000)
 Metaspace       used 63477K, committed 64704K, reserved 1114112K
  class space    used 6754K, committed 7296K, reserved 1048576K
}
Event: 12.128 GC heap after
{Heap after GC invocations=205 (full 8):
 PSYoungGen      total 9728K, used 2037K [0x00000000eab00000, 0x00000000eb700000, 0x0000000100000000)
  eden space 7680K, 0% used [0x00000000eab00000,0x00000000eab00000,0x00000000eb280000)
  from space 2048K, 99% used [0x00000000eb280000,0x00000000eb47d7f8,0x00000000eb480000)
  to   space 1536K, 0% used [0x00000000eb480000,0x00000000eb480000,0x00000000eb600000)
 ParOldGen       total 190464K, used 164040K [0x00000000c0000000, 0x00000000cba00000, 0x00000000eab00000)
  object space 190464K, 86% used [0x00000000c0000000,0x00000000ca0323b0,0x00000000cba00000)
 Metaspace       used 63477K, committed 64704K, reserved 1114112K
  class space    used 6754K, committed 7296K, reserved 1048576K
}
Event: 12.156 GC heap before
{Heap before GC invocations=206 (full 8):
 PSYoungGen      total 9728K, used 9717K [0x00000000eab00000, 0x00000000eb700000, 0x0000000100000000)
  eden space 7680K, 100% used [0x00000000eab00000,0x00000000eb280000,0x00000000eb280000)
  from space 2048K, 99% used [0x00000000eb280000,0x00000000eb47d7f8,0x00000000eb480000)
  to   space 1536K, 0% used [0x00000000eb480000,0x00000000eb480000,0x00000000eb600000)
 ParOldGen       total 190464K, used 164040K [0x00000000c0000000, 0x00000000cba00000, 0x00000000eab00000)
  object space 190464K, 86% used [0x00000000c0000000,0x00000000ca0323b0,0x00000000cba00000)
 Metaspace       used 63480K, committed 64704K, reserved 1114112K
  class space    used 6754K, committed 7296K, reserved 1048576K
}
Event: 12.159 GC heap after
{Heap after GC invocations=206 (full 8):
 PSYoungGen      total 9216K, used 1433K [0x00000000eab00000, 0x00000000eb700000, 0x0000000100000000)
  eden space 7680K, 0% used [0x00000000eab00000,0x00000000eab00000,0x00000000eb280000)
  from space 1536K, 93% used [0x00000000eb480000,0x00000000eb5e64b0,0x00000000eb600000)
  to   space 2048K, 0% used [0x00000000eb280000,0x00000000eb280000,0x00000000eb480000)
 ParOldGen       total 190464K, used 166031K [0x00000000c0000000, 0x00000000cba00000, 0x00000000eab00000)
  object space 190464K, 87% used [0x00000000c0000000,0x00000000ca223ec0,0x00000000cba00000)
 Metaspace       used 63480K, committed 64704K, reserved 1114112K
  class space    used 6754K, committed 7296K, reserved 1048576K
}
Event: 12.183 GC heap before
{Heap before GC invocations=207 (full 8):
 PSYoungGen      total 9216K, used 9094K [0x00000000eab00000, 0x00000000eb700000, 0x0000000100000000)
  eden space 7680K, 99% used [0x00000000eab00000,0x00000000eb27b658,0x00000000eb280000)
  from space 1536K, 93% used [0x00000000eb480000,0x00000000eb5e64b0,0x00000000eb600000)
  to   space 2048K, 0% used [0x00000000eb280000,0x00000000eb280000,0x00000000eb480000)
 ParOldGen       total 190464K, used 166031K [0x00000000c0000000, 0x00000000cba00000, 0x00000000eab00000)
  object space 190464K, 87% used [0x00000000c0000000,0x00000000ca223ec0,0x00000000cba00000)
 Metaspace       used 63481K, committed 64704K, reserved 1114112K
  class space    used 6754K, committed 7296K, reserved 1048576K
}
Event: 12.184 GC heap after
{Heap after GC invocations=207 (full 8):
 PSYoungGen      total 9728K, used 2018K [0x00000000eab00000, 0x00000000eb700000, 0x0000000100000000)
  eden space 7680K, 0% used [0x00000000eab00000,0x00000000eab00000,0x00000000eb280000)
  from space 2048K, 98% used [0x00000000eb280000,0x00000000eb478818,0x00000000eb480000)
  to   space 1536K, 0% used [0x00000000eb480000,0x00000000eb480000,0x00000000eb600000)
 ParOldGen       total 190464K, used 166538K [0x00000000c0000000, 0x00000000cba00000, 0x00000000eab00000)
  object space 190464K, 87% used [0x00000000c0000000,0x00000000ca2a2990,0x00000000cba00000)
 Metaspace       used 63481K, committed 64704K, reserved 1114112K
  class space    used 6754K, committed 7296K, reserved 1048576K
}

