# JRE version: OpenJDK Runtime Environment Temurin-17.0.13+11 (17.0.13+11) (build 17.0.13+11)
# Java VM: OpenJDK 64-Bit Server VM Temurin-17.0.13+11 (17.0.13+11, mixed mode, tiered, compressed oops, compressed class ptrs, parallel gc, windows-amd64)
GC Precious Log:
 CPUs: 12 total, 12 available
 Memory: 16068M
 Large Page Support: Disabled
 NUMA Support: Disabled
 Compressed Oops: Enabled (32-bit)
 Alignments: Space 512K, Generation 512K, Heap 2M
 Heap Min Capacity: 100M
 Heap Initial Capacity: 100M
 Heap Max Capacity: 1G
 Pre-touch: Disabled
 Parallel Workers: 10
Heap:
 PSYoungGen      total 19456K, used 7917K [0x00000000eab00000, 0x00000000ec480000, 0x0000000100000000)
  eden space 16896K, 34% used [0x00000000eab00000,0x00000000eb0a12c8,0x00000000ebb80000)
  from space 2560K, 84% used [0x00000000ec200000,0x00000000ec41a3e8,0x00000000ec480000)
  to   space 2560K, 0% used [0x00000000ebf80000,0x00000000ebf80000,0x00000000ec200000)
 ParOldGen       total 94208K, used 86144K [0x00000000c0000000, 0x00000000c5c00000, 0x00000000eab00000)
  object space 94208K, 91% used [0x00000000c0000000,0x00000000c54200e0,0x00000000c5c00000)
 Metaspace       used 65178K, committed 66432K, reserved 1114112K
  class space    used 7086K, committed 7680K, reserved 1048576K
GC Heap History (20 events):
Event: 29.477 GC heap after
{Heap after GC invocations=41 (full 3):
 PSYoungGen      total 18944K, used 2035K [0x00000000eab00000, 0x00000000ec600000, 0x0000000100000000)
  eden space 16896K, 0% used [0x00000000eab00000,0x00000000eab00000,0x00000000ebb80000)
  from space 2048K, 99% used [0x00000000ec080000,0x00000000ec27ccb0,0x00000000ec280000)
  to   space 5120K, 0% used [0x00000000ebb80000,0x00000000ebb80000,0x00000000ec080000)
 ParOldGen       total 68608K, used 66032K [0x00000000c0000000, 0x00000000c4300000, 0x00000000eab00000)
  object space 68608K, 96% used [0x00000000c0000000,0x00000000c407c0b0,0x00000000c4300000)
 Metaspace       used 62907K, committed 64192K, reserved 1114112K
  class space    used 6883K, committed 7488K, reserved 1048576K
}
Event: 29.676 GC heap before
{Heap before GC invocations=42 (full 4):
 PSYoungGen      total 18944K, used 18931K [0x00000000eab00000, 0x00000000ec600000, 0x0000000100000000)
  eden space 16896K, 100% used [0x00000000eab00000,0x00000000ebb80000,0x00000000ebb80000)
  from space 2048K, 99% used [0x00000000ec080000,0x00000000ec27ccb0,0x00000000ec280000)
  to   space 5120K, 0% used [0x00000000ebb80000,0x00000000ebb80000,0x00000000ec080000)
 ParOldGen       total 68608K, used 66032K [0x00000000c0000000, 0x00000000c4300000, 0x00000000eab00000)
  object space 68608K, 96% used [0x00000000c0000000,0x00000000c407c0b0,0x00000000c4300000)
 Metaspace       used 63118K, committed 64320K, reserved 1114112K
  class space    used 6901K, committed 7488K, reserved 1048576K
}
Event: 29.750 GC heap after
{Heap after GC invocations=42 (full 4):
 PSYoungGen      total 22016K, used 0K [0x00000000eab00000, 0x00000000ec580000, 0x0000000100000000)
  eden space 16896K, 0% used [0x00000000eab00000,0x00000000eab00000,0x00000000ebb80000)
  from space 5120K, 0% used [0x00000000ebb80000,0x00000000ebb80000,0x00000000ec080000)
  to   space 5120K, 0% used [0x00000000ec080000,0x00000000ec080000,0x00000000ec580000)
 ParOldGen       total 94208K, used 66305K [0x00000000c0000000, 0x00000000c5c00000, 0x00000000eab00000)
  object space 94208K, 70% used [0x00000000c0000000,0x00000000c40c0790,0x00000000c5c00000)
 Metaspace       used 63118K, committed 64320K, reserved 1114112K
  class space    used 6901K, committed 7488K, reserved 1048576K
}
Event: 29.850 GC heap before
{Heap before GC invocations=43 (full 4):
 PSYoungGen      total 22016K, used 16891K [0x00000000eab00000, 0x00000000ec580000, 0x0000000100000000)
  eden space 16896K, 99% used [0x00000000eab00000,0x00000000ebb7ef28,0x00000000ebb80000)
  from space 5120K, 0% used [0x00000000ebb80000,0x00000000ebb80000,0x00000000ec080000)
  to   space 5120K, 0% used [0x00000000ec080000,0x00000000ec080000,0x00000000ec580000)
 ParOldGen       total 94208K, used 66305K [0x00000000c0000000, 0x00000000c5c00000, 0x00000000eab00000)
  object space 94208K, 70% used [0x00000000c0000000,0x00000000c40c0790,0x00000000c5c00000)
 Metaspace       used 63426K, committed 64640K, reserved 1114112K
  class space    used 6930K, committed 7488K, reserved 1048576K
}
Event: 29.852 GC heap after
{Heap after GC invocations=43 (full 4):
 PSYoungGen      total 20480K, used 3140K [0x00000000eab00000, 0x00000000ec400000, 0x0000000100000000)
  eden space 16896K, 0% used [0x00000000eab00000,0x00000000eab00000,0x00000000ebb80000)
  from space 3584K, 87% used [0x00000000ec080000,0x00000000ec391130,0x00000000ec400000)
  to   space 4096K, 0% used [0x00000000ebc00000,0x00000000ebc00000,0x00000000ec000000)
 ParOldGen       total 94208K, used 66305K [0x00000000c0000000, 0x00000000c5c00000, 0x00000000eab00000)
  object space 94208K, 70% used [0x00000000c0000000,0x00000000c40c0790,0x00000000c5c00000)
 Metaspace       used 63426K, committed 64640K, reserved 1114112K
  class space    used 6930K, committed 7488K, reserved 1048576K
}
Event: 29.930 GC heap before
{Heap before GC invocations=44 (full 4):
 PSYoungGen      total 20480K, used 20036K [0x00000000eab00000, 0x00000000ec400000, 0x0000000100000000)
  eden space 16896K, 100% used [0x00000000eab00000,0x00000000ebb80000,0x00000000ebb80000)
  from space 3584K, 87% used [0x00000000ec080000,0x00000000ec391130,0x00000000ec400000)
  to   space 4096K, 0% used [0x00000000ebc00000,0x00000000ebc00000,0x00000000ec000000)
 ParOldGen       total 94208K, used 66305K [0x00000000c0000000, 0x00000000c5c00000, 0x00000000eab00000)
  object space 94208K, 70% used [0x00000000c0000000,0x00000000c40c0790,0x00000000c5c00000)
 Metaspace       used 63623K, committed 64832K, reserved 1114112K
  class space    used 6957K, committed 7552K, reserved 1048576K
}
Event: 29.932 GC heap after
{Heap after GC invocations=44 (full 4):
 PSYoungGen      total 20992K, used 4088K [0x00000000eab00000, 0x00000000eca80000, 0x0000000100000000)
  eden space 16896K, 0% used [0x00000000eab00000,0x00000000eab00000,0x00000000ebb80000)
  from space 4096K, 99% used [0x00000000ebc00000,0x00000000ebffe038,0x00000000ec000000)
  to   space 7680K, 0% used [0x00000000ec300000,0x00000000ec300000,0x00000000eca80000)
 ParOldGen       total 94208K, used 68796K [0x00000000c0000000, 0x00000000c5c00000, 0x00000000eab00000)
  object space 94208K, 73% used [0x00000000c0000000,0x00000000c432f220,0x00000000c5c00000)
 Metaspace       used 63623K, committed 64832K, reserved 1114112K
  class space    used 6957K, committed 7552K, reserved 1048576K
}
Event: 30.039 GC heap before
{Heap before GC invocations=45 (full 4):
 PSYoungGen      total 20992K, used 20984K [0x00000000eab00000, 0x00000000eca80000, 0x0000000100000000)
  eden space 16896K, 100% used [0x00000000eab00000,0x00000000ebb80000,0x00000000ebb80000)
  from space 4096K, 99% used [0x00000000ebc00000,0x00000000ebffe038,0x00000000ec000000)
  to   space 7680K, 0% used [0x00000000ec300000,0x00000000ec300000,0x00000000eca80000)
 ParOldGen       total 94208K, used 68796K [0x00000000c0000000, 0x00000000c5c00000, 0x00000000eab00000)
  object space 94208K, 73% used [0x00000000c0000000,0x00000000c432f220,0x00000000c5c00000)
 Metaspace       used 63836K, committed 65024K, reserved 1114112K
  class space    used 6979K, committed 7552K, reserved 1048576K
}
Event: 30.045 GC heap after
{Heap after GC invocations=45 (full 4):
 PSYoungGen      total 19968K, used 2574K [0x00000000eab00000, 0x00000000ec600000, 0x0000000100000000)
  eden space 16896K, 0% used [0x00000000eab00000,0x00000000eab00000,0x00000000ebb80000)
  from space 3072K, 83% used [0x00000000ec300000,0x00000000ec583838,0x00000000ec600000)
  to   space 4096K, 0% used [0x00000000ebe00000,0x00000000ebe00000,0x00000000ec200000)
 ParOldGen       total 94208K, used 72772K [0x00000000c0000000, 0x00000000c5c00000, 0x00000000eab00000)
  object space 94208K, 77% used [0x00000000c0000000,0x00000000c4711020,0x00000000c5c00000)
 Metaspace       used 63836K, committed 65024K, reserved 1114112K
  class space    used 6979K, committed 7552K, reserved 1048576K
}
Event: 30.206 GC heap before
{Heap before GC invocations=46 (full 4):
 PSYoungGen      total 19968K, used 19470K [0x00000000eab00000, 0x00000000ec600000, 0x0000000100000000)
  eden space 16896K, 100% used [0x00000000eab00000,0x00000000ebb80000,0x00000000ebb80000)
  from space 3072K, 83% used [0x00000000ec300000,0x00000000ec583838,0x00000000ec600000)
  to   space 4096K, 0% used [0x00000000ebe00000,0x00000000ebe00000,0x00000000ec200000)
 ParOldGen       total 94208K, used 72772K [0x00000000c0000000, 0x00000000c5c00000, 0x00000000eab00000)
  object space 94208K, 77% used [0x00000000c0000000,0x00000000c4711020,0x00000000c5c00000)
 Metaspace       used 64279K, committed 65408K, reserved 1114112K
  class space    used 7012K, committed 7552K, reserved 1048576K
}
Event: 30.210 GC heap after
{Heap after GC invocations=46 (full 4):
 PSYoungGen      total 20992K, used 4081K [0x00000000eab00000, 0x00000000ec580000, 0x0000000100000000)
  eden space 16896K, 0% used [0x00000000eab00000,0x00000000eab00000,0x00000000ebb80000)
  from space 4096K, 99% used [0x00000000ebe00000,0x00000000ec1fc748,0x00000000ec200000)
  to   space 3584K, 0% used [0x00000000ec200000,0x00000000ec200000,0x00000000ec580000)
 ParOldGen       total 94208K, used 73387K [0x00000000c0000000, 0x00000000c5c00000, 0x00000000eab00000)
  object space 94208K, 77% used [0x00000000c0000000,0x00000000c47aafd0,0x00000000c5c00000)
 Metaspace       used 64279K, committed 65408K, reserved 1114112K
  class space    used 7012K, committed 7552K, reserved 1048576K
}
Event: 30.341 GC heap before
{Heap before GC invocations=47 (full 4):
 PSYoungGen      total 20992K, used 20977K [0x00000000eab00000, 0x00000000ec580000, 0x0000000100000000)
  eden space 16896K, 100% used [0x00000000eab00000,0x00000000ebb80000,0x00000000ebb80000)
  from space 4096K, 99% used [0x00000000ebe00000,0x00000000ec1fc748,0x00000000ec200000)
  to   space 3584K, 0% used [0x00000000ec200000,0x00000000ec200000,0x00000000ec580000)
 ParOldGen       total 94208K, used 73387K [0x00000000c0000000, 0x00000000c5c00000, 0x00000000eab00000)
  object space 94208K, 77% used [0x00000000c0000000,0x00000000c47aafd0,0x00000000c5c00000)
 Metaspace       used 64608K, committed 65792K, reserved 1114112K
  class space    used 7064K, committed 7616K, reserved 1048576K
}
Event: 30.346 GC heap after
{Heap after GC invocations=47 (full 4):
 PSYoungGen      total 19456K, used 2549K [0x00000000eab00000, 0x00000000ec480000, 0x0000000100000000)
  eden space 16896K, 0% used [0x00000000eab00000,0x00000000eab00000,0x00000000ebb80000)
  from space 2560K, 99% used [0x00000000ec200000,0x00000000ec47d738,0x00000000ec480000)
  to   space 3584K, 0% used [0x00000000ebd80000,0x00000000ebd80000,0x00000000ec100000)
 ParOldGen       total 94208K, used 77395K [0x00000000c0000000, 0x00000000c5c00000, 0x00000000eab00000)
  object space 94208K, 82% used [0x00000000c0000000,0x00000000c4b94ec8,0x00000000c5c00000)
 Metaspace       used 64608K, committed 65792K, reserved 1114112K
  class space    used 7064K, committed 7616K, reserved 1048576K
}
Event: 30.425 GC heap before
{Heap before GC invocations=48 (full 4):
 PSYoungGen      total 19456K, used 19445K [0x00000000eab00000, 0x00000000ec480000, 0x0000000100000000)
  eden space 16896K, 100% used [0x00000000eab00000,0x00000000ebb80000,0x00000000ebb80000)
  from space 2560K, 99% used [0x00000000ec200000,0x00000000ec47d738,0x00000000ec480000)
  to   space 3584K, 0% used [0x00000000ebd80000,0x00000000ebd80000,0x00000000ec100000)
 ParOldGen       total 94208K, used 77395K [0x00000000c0000000, 0x00000000c5c00000, 0x00000000eab00000)
  object space 94208K, 82% used [0x00000000c0000000,0x00000000c4b94ec8,0x00000000c5c00000)
 Metaspace       used 64922K, committed 66112K, reserved 1114112K
  class space    used 7064K, committed 7616K, reserved 1048576K
}
Event: 30.431 GC heap after
{Heap after GC invocations=48 (full 4):
 PSYoungGen      total 20480K, used 3562K [0x00000000eab00000, 0x00000000ecc80000, 0x0000000100000000)
  eden space 16896K, 0% used [0x00000000eab00000,0x00000000eab00000,0x00000000ebb80000)
  from space 3584K, 99% used [0x00000000ebd80000,0x00000000ec0fab98,0x00000000ec100000)
  to   space 8704K, 0% used [0x00000000ec400000,0x00000000ec400000,0x00000000ecc80000)
 ParOldGen       total 94208K, used 81261K [0x00000000c0000000, 0x00000000c5c00000, 0x00000000eab00000)
  object space 94208K, 86% used [0x00000000c0000000,0x00000000c4f5b680,0x00000000c5c00000)
 Metaspace       used 64922K, committed 66112K, reserved 1114112K
  class space    used 7064K, committed 7616K, reserved 1048576K
}
Event: 30.514 GC heap before
{Heap before GC invocations=49 (full 4):
 PSYoungGen      total 20480K, used 20458K [0x00000000eab00000, 0x00000000ecc80000, 0x0000000100000000)
  eden space 16896K, 100% used [0x00000000eab00000,0x00000000ebb80000,0x00000000ebb80000)
  from space 3584K, 99% used [0x00000000ebd80000,0x00000000ec0fab98,0x00000000ec100000)
  to   space 8704K, 0% used [0x00000000ec400000,0x00000000ec400000,0x00000000ecc80000)
 ParOldGen       total 94208K, used 81261K [0x00000000c0000000, 0x00000000c5c00000, 0x00000000eab00000)
  object space 94208K, 86% used [0x00000000c0000000,0x00000000c4f5b680,0x00000000c5c00000)
 Metaspace       used 65032K, committed 66240K, reserved 1114112K
  class space    used 7072K, committed 7616K, reserved 1048576K
}
Event: 30.518 GC heap after
{Heap after GC invocations=49 (full 4):
 PSYoungGen      total 19456K, used 2407K [0x00000000eab00000, 0x00000000ec680000, 0x0000000100000000)
  eden space 16896K, 0% used [0x00000000eab00000,0x00000000eab00000,0x00000000ebb80000)
  from space 2560K, 94% used [0x00000000ec400000,0x00000000ec659d98,0x00000000ec680000)
  to   space 4608K, 0% used [0x00000000ebd80000,0x00000000ebd80000,0x00000000ec200000)
 ParOldGen       total 94208K, used 82280K [0x00000000c0000000, 0x00000000c5c00000, 0x00000000eab00000)
  object space 94208K, 87% used [0x00000000c0000000,0x00000000c505a1b8,0x00000000c5c00000)
 Metaspace       used 65032K, committed 66240K, reserved 1114112K
  class space    used 7072K, committed 7616K, reserved 1048576K
}
Event: 30.573 GC heap before
{Heap before GC invocations=50 (full 4):
 PSYoungGen      total 19456K, used 19303K [0x00000000eab00000, 0x00000000ec680000, 0x0000000100000000)
  eden space 16896K, 100% used [0x00000000eab00000,0x00000000ebb80000,0x00000000ebb80000)
  from space 2560K, 94% used [0x00000000ec400000,0x00000000ec659d98,0x00000000ec680000)
  to   space 4608K, 0% used [0x00000000ebd80000,0x00000000ebd80000,0x00000000ec200000)
 ParOldGen       total 94208K, used 82280K [0x00000000c0000000, 0x00000000c5c00000, 0x00000000eab00000)
  object space 94208K, 87% used [0x00000000c0000000,0x00000000c505a1b8,0x00000000c5c00000)
 Metaspace       used 65046K, committed 66240K, reserved 1114112K
  class space    used 7072K, committed 7616K, reserved 1048576K
}
Event: 30.577 GC heap after
{Heap after GC invocations=50 (full 4):
 PSYoungGen      total 21504K, used 1835K [0x00000000eab00000, 0x00000000ec480000, 0x0000000100000000)
  eden space 16896K, 0% used [0x00000000eab00000,0x00000000eab00000,0x00000000ebb80000)
  from space 4608K, 39% used [0x00000000ebd80000,0x00000000ebf4af48,0x00000000ec200000)
  to   space 2560K, 0% used [0x00000000ec200000,0x00000000ec200000,0x00000000ec480000)
 ParOldGen       total 94208K, used 84550K [0x00000000c0000000, 0x00000000c5c00000, 0x00000000eab00000)
  object space 94208K, 89% used [0x00000000c0000000,0x00000000c5291930,0x00000000c5c00000)
 Metaspace       used 65046K, committed 66240K, reserved 1114112K
  class space    used 7072K, committed 7616K, reserved 1048576K
}
Event: 30.670 GC heap before
{Heap before GC invocations=51 (full 4):
 PSYoungGen      total 21504K, used 18724K [0x00000000eab00000, 0x00000000ec480000, 0x0000000100000000)
  eden space 16896K, 99% used [0x00000000eab00000,0x00000000ebb7e4b0,0x00000000ebb80000)
  from space 4608K, 39% used [0x00000000ebd80000,0x00000000ebf4af48,0x00000000ec200000)
  to   space 2560K, 0% used [0x00000000ec200000,0x00000000ec200000,0x00000000ec480000)
 ParOldGen       total 94208K, used 84550K [0x00000000c0000000, 0x00000000c5c00000, 0x00000000eab00000)
  object space 94208K, 89% used [0x00000000c0000000,0x00000000c5291930,0x00000000c5c00000)
 Metaspace       used 65134K, committed 66368K, reserved 1114112K
  class space    used 7086K, committed 7680K, reserved 1048576K
}

