# JRE version: OpenJDK Runtime Environment Temurin-17.0.13+11 (17.0.13+11) (build 17.0.13+11)
# Java VM: OpenJDK 64-Bit Server VM Temurin-17.0.13+11 (17.0.13+11, mixed mode, tiered, compressed oops, compressed class ptrs, parallel gc, windows-amd64)
GC Precious Log:
 CPUs: 12 total, 12 available
 Memory: 16068M
 Large Page Support: Disabled
 NUMA Support: Disabled
 Compressed Oops: Enabled (32-bit)
 Alignments: Space 512K, Generation 512K, Heap 2M
 Heap Min Capacity: 100M
 Heap Initial Capacity: 100M
 Heap Max Capacity: 1G
 Pre-touch: Disabled
 Parallel Workers: 10
Heap:
 PSYoungGen      total 7168K, used 1903K [0x00000000eab00000, 0x00000000eb380000, 0x0000000100000000)
  eden space 5632K, 6% used [0x00000000eab00000,0x00000000eab5edb0,0x00000000eb080000)
  from space 1536K, 99% used [0x00000000eb200000,0x00000000eb37d030,0x00000000eb380000)
  to   space 1536K, 0% used [0x00000000eb080000,0x00000000eb080000,0x00000000eb200000)
 ParOldGen       total 222208K, used 221618K [0x00000000c0000000, 0x00000000cd900000, 0x00000000eab00000)
  object space 222208K, 99% used [0x00000000c0000000,0x00000000cd86c850,0x00000000cd900000)
 Metaspace       used 51415K, committed 52480K, reserved 1114112K
  class space    used 5414K, committed 5888K, reserved 1048576K
GC Heap History (20 events):
Event: 22.694 GC heap before
{Heap before GC invocations=262 (full 9):
 PSYoungGen      total 7168K, used 6052K [0x00000000eab00000, 0x00000000eb400000, 0x0000000100000000)
  eden space 5120K, 100% used [0x00000000eab00000,0x00000000eb000000,0x00000000eb000000)
  from space 2048K, 45% used [0x00000000eb000000,0x00000000eb0e9140,0x00000000eb200000)
  to   space 1536K, 0% used [0x00000000eb280000,0x00000000eb280000,0x00000000eb400000)
 ParOldGen       total 222208K, used 215022K [0x00000000c0000000, 0x00000000cd900000, 0x00000000eab00000)
  object space 222208K, 96% used [0x00000000c0000000,0x00000000cd1fbac0,0x00000000cd900000)
 Metaspace       used 51415K, committed 52480K, reserved 1114112K
  class space    used 5414K, committed 5888K, reserved 1048576K
}
Event: 22.696 GC heap after
{Heap after GC invocations=262 (full 9):
 PSYoungGen      total 7168K, used 960K [0x00000000eab00000, 0x00000000eb380000, 0x0000000100000000)
  eden space 6144K, 0% used [0x00000000eab00000,0x00000000eab00000,0x00000000eb100000)
  from space 1024K, 93% used [0x00000000eb280000,0x00000000eb370000,0x00000000eb380000)
  to   space 1024K, 0% used [0x00000000eb180000,0x00000000eb180000,0x00000000eb280000)
 ParOldGen       total 222208K, used 215783K [0x00000000c0000000, 0x00000000cd900000, 0x00000000eab00000)
  object space 222208K, 97% used [0x00000000c0000000,0x00000000cd2b9e18,0x00000000cd900000)
 Metaspace       used 51415K, committed 52480K, reserved 1114112K
  class space    used 5414K, committed 5888K, reserved 1048576K
}
Event: 22.734 GC heap before
{Heap before GC invocations=263 (full 9):
 PSYoungGen      total 7168K, used 7104K [0x00000000eab00000, 0x00000000eb380000, 0x0000000100000000)
  eden space 6144K, 100% used [0x00000000eab00000,0x00000000eb100000,0x00000000eb100000)
  from space 1024K, 93% used [0x00000000eb280000,0x00000000eb370000,0x00000000eb380000)
  to   space 1024K, 0% used [0x00000000eb180000,0x00000000eb180000,0x00000000eb280000)
 ParOldGen       total 222208K, used 215783K [0x00000000c0000000, 0x00000000cd900000, 0x00000000eab00000)
  object space 222208K, 97% used [0x00000000c0000000,0x00000000cd2b9e18,0x00000000cd900000)
 Metaspace       used 51415K, committed 52480K, reserved 1114112K
  class space    used 5414K, committed 5888K, reserved 1048576K
}
Event: 22.737 GC heap after
{Heap after GC invocations=263 (full 9):
 PSYoungGen      total 7168K, used 1016K [0x00000000eab00000, 0x00000000eb380000, 0x0000000100000000)
  eden space 6144K, 0% used [0x00000000eab00000,0x00000000eab00000,0x00000000eb100000)
  from space 1024K, 99% used [0x00000000eb180000,0x00000000eb27e2f0,0x00000000eb280000)
  to   space 1024K, 0% used [0x00000000eb280000,0x00000000eb280000,0x00000000eb380000)
 ParOldGen       total 222208K, used 216639K [0x00000000c0000000, 0x00000000cd900000, 0x00000000eab00000)
  object space 222208K, 97% used [0x00000000c0000000,0x00000000cd38fde8,0x00000000cd900000)
 Metaspace       used 51415K, committed 52480K, reserved 1114112K
  class space    used 5414K, committed 5888K, reserved 1048576K
}
Event: 22.779 GC heap before
{Heap before GC invocations=264 (full 9):
 PSYoungGen      total 7168K, used 7160K [0x00000000eab00000, 0x00000000eb380000, 0x0000000100000000)
  eden space 6144K, 100% used [0x00000000eab00000,0x00000000eb100000,0x00000000eb100000)
  from space 1024K, 99% used [0x00000000eb180000,0x00000000eb27e2f0,0x00000000eb280000)
  to   space 1024K, 0% used [0x00000000eb280000,0x00000000eb280000,0x00000000eb380000)
 ParOldGen       total 222208K, used 216639K [0x00000000c0000000, 0x00000000cd900000, 0x00000000eab00000)
  object space 222208K, 97% used [0x00000000c0000000,0x00000000cd38fde8,0x00000000cd900000)
 Metaspace       used 51415K, committed 52480K, reserved 1114112K
  class space    used 5414K, committed 5888K, reserved 1048576K
}
Event: 22.783 GC heap after
{Heap after GC invocations=264 (full 9):
 PSYoungGen      total 6144K, used 1004K [0x00000000eab00000, 0x00000000eb700000, 0x0000000100000000)
  eden space 5120K, 0% used [0x00000000eab00000,0x00000000eab00000,0x00000000eb000000)
  from space 1024K, 98% used [0x00000000eb280000,0x00000000eb37b278,0x00000000eb380000)
  to   space 2560K, 0% used [0x00000000eb000000,0x00000000eb000000,0x00000000eb280000)
 ParOldGen       total 222208K, used 217658K [0x00000000c0000000, 0x00000000cd900000, 0x00000000eab00000)
  object space 222208K, 97% used [0x00000000c0000000,0x00000000cd48e8a0,0x00000000cd900000)
 Metaspace       used 51415K, committed 52480K, reserved 1114112K
  class space    used 5414K, committed 5888K, reserved 1048576K
}
Event: 22.812 GC heap before
{Heap before GC invocations=265 (full 9):
 PSYoungGen      total 6144K, used 6123K [0x00000000eab00000, 0x00000000eb700000, 0x0000000100000000)
  eden space 5120K, 99% used [0x00000000eab00000,0x00000000eafffbe8,0x00000000eb000000)
  from space 1024K, 98% used [0x00000000eb280000,0x00000000eb37b278,0x00000000eb380000)
  to   space 2560K, 0% used [0x00000000eb000000,0x00000000eb000000,0x00000000eb280000)
 ParOldGen       total 222208K, used 217658K [0x00000000c0000000, 0x00000000cd900000, 0x00000000eab00000)
  object space 222208K, 97% used [0x00000000c0000000,0x00000000cd48e8a0,0x00000000cd900000)
 Metaspace       used 51415K, committed 52480K, reserved 1114112K
  class space    used 5414K, committed 5888K, reserved 1048576K
}
Event: 22.815 GC heap after
{Heap after GC invocations=265 (full 9):
 PSYoungGen      total 6144K, used 910K [0x00000000eab00000, 0x00000000eb380000, 0x0000000100000000)
  eden space 5120K, 0% used [0x00000000eab00000,0x00000000eab00000,0x00000000eb000000)
  from space 1024K, 88% used [0x00000000eb000000,0x00000000eb0e3858,0x00000000eb100000)
  to   space 1536K, 0% used [0x00000000eb200000,0x00000000eb200000,0x00000000eb380000)
 ParOldGen       total 222208K, used 218560K [0x00000000c0000000, 0x00000000cd900000, 0x00000000eab00000)
  object space 222208K, 98% used [0x00000000c0000000,0x00000000cd570180,0x00000000cd900000)
 Metaspace       used 51415K, committed 52480K, reserved 1114112K
  class space    used 5414K, committed 5888K, reserved 1048576K
}
Event: 22.840 GC heap before
{Heap before GC invocations=266 (full 9):
 PSYoungGen      total 6144K, used 6023K [0x00000000eab00000, 0x00000000eb380000, 0x0000000100000000)
  eden space 5120K, 99% used [0x00000000eab00000,0x00000000eaffe768,0x00000000eb000000)
  from space 1024K, 88% used [0x00000000eb000000,0x00000000eb0e3858,0x00000000eb100000)
  to   space 1536K, 0% used [0x00000000eb200000,0x00000000eb200000,0x00000000eb380000)
 ParOldGen       total 222208K, used 218560K [0x00000000c0000000, 0x00000000cd900000, 0x00000000eab00000)
  object space 222208K, 98% used [0x00000000c0000000,0x00000000cd570180,0x00000000cd900000)
 Metaspace       used 51415K, committed 52480K, reserved 1114112K
  class space    used 5414K, committed 5888K, reserved 1048576K
}
Event: 22.842 GC heap after
{Heap after GC invocations=266 (full 9):
 PSYoungGen      total 6656K, used 1527K [0x00000000eab00000, 0x00000000eb480000, 0x0000000100000000)
  eden space 5120K, 0% used [0x00000000eab00000,0x00000000eab00000,0x00000000eb000000)
  from space 1536K, 99% used [0x00000000eb200000,0x00000000eb37dde0,0x00000000eb380000)
  to   space 2048K, 0% used [0x00000000eb000000,0x00000000eb000000,0x00000000eb200000)
 ParOldGen       total 222208K, used 218712K [0x00000000c0000000, 0x00000000cd900000, 0x00000000eab00000)
  object space 222208K, 98% used [0x00000000c0000000,0x00000000cd596140,0x00000000cd900000)
 Metaspace       used 51415K, committed 52480K, reserved 1114112K
  class space    used 5414K, committed 5888K, reserved 1048576K
}
Event: 22.860 GC heap before
{Heap before GC invocations=267 (full 9):
 PSYoungGen      total 6656K, used 6647K [0x00000000eab00000, 0x00000000eb480000, 0x0000000100000000)
  eden space 5120K, 100% used [0x00000000eab00000,0x00000000eb000000,0x00000000eb000000)
  from space 1536K, 99% used [0x00000000eb200000,0x00000000eb37dde0,0x00000000eb380000)
  to   space 2048K, 0% used [0x00000000eb000000,0x00000000eb000000,0x00000000eb200000)
 ParOldGen       total 222208K, used 218712K [0x00000000c0000000, 0x00000000cd900000, 0x00000000eab00000)
  object space 222208K, 98% used [0x00000000c0000000,0x00000000cd596140,0x00000000cd900000)
 Metaspace       used 51415K, committed 52480K, reserved 1114112K
  class space    used 5414K, committed 5888K, reserved 1048576K
}
Event: 22.864 GC heap after
{Heap after GC invocations=267 (full 9):
 PSYoungGen      total 7168K, used 982K [0x00000000eab00000, 0x00000000eb380000, 0x0000000100000000)
  eden space 5120K, 0% used [0x00000000eab00000,0x00000000eab00000,0x00000000eb000000)
  from space 2048K, 47% used [0x00000000eb000000,0x00000000eb0f5a70,0x00000000eb200000)
  to   space 1536K, 0% used [0x00000000eb200000,0x00000000eb200000,0x00000000eb380000)
 ParOldGen       total 222208K, used 220150K [0x00000000c0000000, 0x00000000cd900000, 0x00000000eab00000)
  object space 222208K, 99% used [0x00000000c0000000,0x00000000cd6fd838,0x00000000cd900000)
 Metaspace       used 51415K, committed 52480K, reserved 1114112K
  class space    used 5414K, committed 5888K, reserved 1048576K
}
Event: 22.888 GC heap before
{Heap before GC invocations=268 (full 9):
 PSYoungGen      total 7168K, used 6102K [0x00000000eab00000, 0x00000000eb380000, 0x0000000100000000)
  eden space 5120K, 100% used [0x00000000eab00000,0x00000000eb000000,0x00000000eb000000)
  from space 2048K, 47% used [0x00000000eb000000,0x00000000eb0f5a70,0x00000000eb200000)
  to   space 1536K, 0% used [0x00000000eb200000,0x00000000eb200000,0x00000000eb380000)
 ParOldGen       total 222208K, used 220150K [0x00000000c0000000, 0x00000000cd900000, 0x00000000eab00000)
  object space 222208K, 99% used [0x00000000c0000000,0x00000000cd6fd838,0x00000000cd900000)
 Metaspace       used 51415K, committed 52480K, reserved 1114112K
  class space    used 5414K, committed 5888K, reserved 1048576K
}
Event: 22.893 GC heap after
{Heap after GC invocations=268 (full 9):
 PSYoungGen      total 6656K, used 1529K [0x00000000eab00000, 0x00000000eb480000, 0x0000000100000000)
  eden space 5120K, 0% used [0x00000000eab00000,0x00000000eab00000,0x00000000eb000000)
  from space 1536K, 99% used [0x00000000eb200000,0x00000000eb37e438,0x00000000eb380000)
  to   space 2048K, 0% used [0x00000000eb000000,0x00000000eb000000,0x00000000eb200000)
 ParOldGen       total 222208K, used 220312K [0x00000000c0000000, 0x00000000cd900000, 0x00000000eab00000)
  object space 222208K, 99% used [0x00000000c0000000,0x00000000cd726158,0x00000000cd900000)
 Metaspace       used 51415K, committed 52480K, reserved 1114112K
  class space    used 5414K, committed 5888K, reserved 1048576K
}
Event: 22.917 GC heap before
{Heap before GC invocations=269 (full 9):
 PSYoungGen      total 6656K, used 6558K [0x00000000eab00000, 0x00000000eb480000, 0x0000000100000000)
  eden space 5120K, 98% used [0x00000000eab00000,0x00000000eafe9748,0x00000000eb000000)
  from space 1536K, 99% used [0x00000000eb200000,0x00000000eb37e438,0x00000000eb380000)
  to   space 2048K, 0% used [0x00000000eb000000,0x00000000eb000000,0x00000000eb200000)
 ParOldGen       total 222208K, used 220312K [0x00000000c0000000, 0x00000000cd900000, 0x00000000eab00000)
  object space 222208K, 99% used [0x00000000c0000000,0x00000000cd726158,0x00000000cd900000)
 Metaspace       used 51415K, committed 52480K, reserved 1114112K
  class space    used 5414K, committed 5888K, reserved 1048576K
}
Event: 22.920 GC heap after
{Heap after GC invocations=269 (full 9):
 PSYoungGen      total 7168K, used 967K [0x00000000eab00000, 0x00000000eb380000, 0x0000000100000000)
  eden space 5120K, 0% used [0x00000000eab00000,0x00000000eab00000,0x00000000eb000000)
  from space 2048K, 47% used [0x00000000eb000000,0x00000000eb0f1e98,0x00000000eb200000)
  to   space 1536K, 0% used [0x00000000eb200000,0x00000000eb200000,0x00000000eb380000)
 ParOldGen       total 222208K, used 221756K [0x00000000c0000000, 0x00000000cd900000, 0x00000000eab00000)
  object space 222208K, 99% used [0x00000000c0000000,0x00000000cd88f1c8,0x00000000cd900000)
 Metaspace       used 51415K, committed 52480K, reserved 1114112K
  class space    used 5414K, committed 5888K, reserved 1048576K
}
Event: 22.940 GC heap before
{Heap before GC invocations=270 (full 10):
 PSYoungGen      total 7168K, used 6068K [0x00000000eab00000, 0x00000000eb380000, 0x0000000100000000)
  eden space 5120K, 99% used [0x00000000eab00000,0x00000000eaffb428,0x00000000eb000000)
  from space 2048K, 47% used [0x00000000eb000000,0x00000000eb0f1e98,0x00000000eb200000)
  to   space 1536K, 0% used [0x00000000eb200000,0x00000000eb200000,0x00000000eb380000)
 ParOldGen       total 222208K, used 221756K [0x00000000c0000000, 0x00000000cd900000, 0x00000000eab00000)
  object space 222208K, 99% used [0x00000000c0000000,0x00000000cd88f1c8,0x00000000cd900000)
 Metaspace       used 51415K, committed 52480K, reserved 1114112K
  class space    used 5414K, committed 5888K, reserved 1048576K
}
Event: 23.143 GC heap after
{Heap after GC invocations=270 (full 10):
 PSYoungGen      total 7168K, used 0K [0x00000000eab00000, 0x00000000eb380000, 0x0000000100000000)
  eden space 5632K, 0% used [0x00000000eab00000,0x00000000eab00000,0x00000000eb080000)
  from space 1536K, 0% used [0x00000000eb200000,0x00000000eb200000,0x00000000eb380000)
  to   space 1536K, 0% used [0x00000000eb080000,0x00000000eb080000,0x00000000eb200000)
 ParOldGen       total 222208K, used 219510K [0x00000000c0000000, 0x00000000cd900000, 0x00000000eab00000)
  object space 222208K, 98% used [0x00000000c0000000,0x00000000cd65d870,0x00000000cd900000)
 Metaspace       used 51415K, committed 52480K, reserved 1114112K
  class space    used 5414K, committed 5888K, reserved 1048576K
}
Event: 23.175 GC heap before
{Heap before GC invocations=271 (full 10):
 PSYoungGen      total 7168K, used 5592K [0x00000000eab00000, 0x00000000eb380000, 0x0000000100000000)
  eden space 5632K, 99% used [0x00000000eab00000,0x00000000eb076280,0x00000000eb080000)
  from space 1536K, 0% used [0x00000000eb200000,0x00000000eb200000,0x00000000eb380000)
  to   space 1536K, 0% used [0x00000000eb080000,0x00000000eb080000,0x00000000eb200000)
 ParOldGen       total 222208K, used 219510K [0x00000000c0000000, 0x00000000cd900000, 0x00000000eab00000)
  object space 222208K, 98% used [0x00000000c0000000,0x00000000cd65d870,0x00000000cd900000)
 Metaspace       used 51415K, committed 52480K, reserved 1114112K
  class space    used 5414K, committed 5888K, reserved 1048576K
}
Event: 23.177 GC heap after
{Heap after GC invocations=271 (full 10):
 PSYoungGen      total 7168K, used 1080K [0x00000000eab00000, 0x00000000eb380000, 0x0000000100000000)
  eden space 5632K, 0% used [0x00000000eab00000,0x00000000eab00000,0x00000000eb080000)
  from space 1536K, 70% used [0x00000000eb080000,0x00000000eb18e278,0x00000000eb200000)
  to   space 1536K, 0% used [0x00000000eb200000,0x00000000eb200000,0x00000000eb380000)
 ParOldGen       total 222208K, used 219510K [0x00000000c0000000, 0x00000000cd900000, 0x00000000eab00000)
  object space 222208K, 98% used [0x00000000c0000000,0x00000000cd65d870,0x00000000cd900000)
 Metaspace       used 51415K, committed 52480K, reserved 1114112K
  class space    used 5414K, committed 5888K, reserved 1048576K
}

