# JRE version: OpenJDK Runtime Environment Temurin-17.0.13+11 (17.0.13+11) (build 17.0.13+11)
# Java VM: OpenJDK 64-Bit Server VM Temurin-17.0.13+11 (17.0.13+11, mixed mode, tiered, compressed oops, compressed class ptrs, parallel gc, windows-amd64)
GC Precious Log:
 CPUs: 12 total, 12 available
 Memory: 16068M
 Large Page Support: Disabled
 NUMA Support: Disabled
 Compressed Oops: Enabled (32-bit)
 Alignments: Space 512K, Generation 512K, Heap 2M
 Heap Min Capacity: 100M
 Heap Initial Capacity: 100M
 Heap Max Capacity: 1G
 Pre-touch: Disabled
 Parallel Workers: 10
Heap:
 PSYoungGen      total 9216K, used 5638K [0x00000000eab00000, 0x00000000eb800000, 0x0000000100000000)
  eden space 5632K, 39% used [0x00000000eab00000,0x00000000ead2eb68,0x00000000eb080000)
  from space 3584K, 94% used [0x00000000eb480000,0x00000000eb7d2e08,0x00000000eb800000)
  to   space 3584K, 0% used [0x00000000eb080000,0x00000000eb080000,0x00000000eb400000)
 ParOldGen       total 163328K, used 142309K [0x00000000c0000000, 0x00000000c9f80000, 0x00000000eab00000)
  object space 163328K, 87% used [0x00000000c0000000,0x00000000c8af9468,0x00000000c9f80000)
 Metaspace       used 64773K, committed 66048K, reserved 1114112K
  class space    used 6880K, committed 7488K, reserved 1048576K
GC Heap History (20 events):
Event: 11.288 GC heap before
{Heap before GC invocations=114 (full 6):
 PSYoungGen      total 8704K, used 8293K [0x00000000eab00000, 0x00000000eb700000, 0x0000000100000000)
  eden space 5632K, 100% used [0x00000000eab00000,0x00000000eb080000,0x00000000eb080000)
  from space 3072K, 86% used [0x00000000eb400000,0x00000000eb699768,0x00000000eb700000)
  to   space 3072K, 0% used [0x00000000eb100000,0x00000000eb100000,0x00000000eb400000)
 ParOldGen       total 143360K, used 141847K [0x00000000c0000000, 0x00000000c8c00000, 0x00000000eab00000)
  object space 143360K, 98% used [0x00000000c0000000,0x00000000c8a85f60,0x00000000c8c00000)
 Metaspace       used 63710K, committed 64960K, reserved 1114112K
  class space    used 6783K, committed 7360K, reserved 1048576K
}
Event: 11.292 GC heap after
{Heap after GC invocations=114 (full 6):
 PSYoungGen      total 8704K, used 2733K [0x00000000eab00000, 0x00000000eb680000, 0x0000000100000000)
  eden space 5632K, 0% used [0x00000000eab00000,0x00000000eab00000,0x00000000eb080000)
  from space 3072K, 88% used [0x00000000eb100000,0x00000000eb3ab548,0x00000000eb400000)
  to   space 2560K, 0% used [0x00000000eb400000,0x00000000eb400000,0x00000000eb680000)
 ParOldGen       total 143360K, used 142701K [0x00000000c0000000, 0x00000000c8c00000, 0x00000000eab00000)
  object space 143360K, 99% used [0x00000000c0000000,0x00000000c8b5b600,0x00000000c8c00000)
 Metaspace       used 63710K, committed 64960K, reserved 1114112K
  class space    used 6783K, committed 7360K, reserved 1048576K
}
Event: 11.351 GC heap before
{Heap before GC invocations=115 (full 7):
 PSYoungGen      total 8704K, used 8365K [0x00000000eab00000, 0x00000000eb680000, 0x0000000100000000)
  eden space 5632K, 100% used [0x00000000eab00000,0x00000000eb080000,0x00000000eb080000)
  from space 3072K, 88% used [0x00000000eb100000,0x00000000eb3ab548,0x00000000eb400000)
  to   space 2560K, 0% used [0x00000000eb400000,0x00000000eb400000,0x00000000eb680000)
 ParOldGen       total 143360K, used 142701K [0x00000000c0000000, 0x00000000c8c00000, 0x00000000eab00000)
  object space 143360K, 99% used [0x00000000c0000000,0x00000000c8b5b600,0x00000000c8c00000)
 Metaspace       used 63812K, committed 65024K, reserved 1114112K
  class space    used 6795K, committed 7360K, reserved 1048576K
}
Event: 11.489 GC heap after
{Heap after GC invocations=115 (full 7):
 PSYoungGen      total 8192K, used 0K [0x00000000eab00000, 0x00000000eb680000, 0x0000000100000000)
  eden space 5632K, 0% used [0x00000000eab00000,0x00000000eab00000,0x00000000eb080000)
  from space 2560K, 0% used [0x00000000eb400000,0x00000000eb400000,0x00000000eb680000)
  to   space 3072K, 0% used [0x00000000eb080000,0x00000000eb080000,0x00000000eb380000)
 ParOldGen       total 163328K, used 138509K [0x00000000c0000000, 0x00000000c9f80000, 0x00000000eab00000)
  object space 163328K, 84% used [0x00000000c0000000,0x00000000c8743438,0x00000000c9f80000)
 Metaspace       used 63812K, committed 65024K, reserved 1114112K
  class space    used 6795K, committed 7360K, reserved 1048576K
}
Event: 11.560 GC heap before
{Heap before GC invocations=116 (full 7):
 PSYoungGen      total 8192K, used 5632K [0x00000000eab00000, 0x00000000eb680000, 0x0000000100000000)
  eden space 5632K, 100% used [0x00000000eab00000,0x00000000eb080000,0x00000000eb080000)
  from space 2560K, 0% used [0x00000000eb400000,0x00000000eb400000,0x00000000eb680000)
  to   space 3072K, 0% used [0x00000000eb080000,0x00000000eb080000,0x00000000eb380000)
 ParOldGen       total 163328K, used 138509K [0x00000000c0000000, 0x00000000c9f80000, 0x00000000eab00000)
  object space 163328K, 84% used [0x00000000c0000000,0x00000000c8743438,0x00000000c9f80000)
 Metaspace       used 63985K, committed 65216K, reserved 1114112K
  class space    used 6808K, committed 7360K, reserved 1048576K
}
Event: 11.563 GC heap after
{Heap after GC invocations=116 (full 7):
 PSYoungGen      total 6656K, used 1015K [0x00000000eab00000, 0x00000000eb480000, 0x0000000100000000)
  eden space 5632K, 0% used [0x00000000eab00000,0x00000000eab00000,0x00000000eb080000)
  from space 1024K, 99% used [0x00000000eb080000,0x00000000eb17dd40,0x00000000eb180000)
  to   space 2048K, 0% used [0x00000000eb280000,0x00000000eb280000,0x00000000eb480000)
 ParOldGen       total 163328K, used 138509K [0x00000000c0000000, 0x00000000c9f80000, 0x00000000eab00000)
  object space 163328K, 84% used [0x00000000c0000000,0x00000000c8743438,0x00000000c9f80000)
 Metaspace       used 63985K, committed 65216K, reserved 1114112K
  class space    used 6808K, committed 7360K, reserved 1048576K
}
Event: 11.617 GC heap before
{Heap before GC invocations=117 (full 7):
 PSYoungGen      total 6656K, used 6647K [0x00000000eab00000, 0x00000000eb480000, 0x0000000100000000)
  eden space 5632K, 100% used [0x00000000eab00000,0x00000000eb080000,0x00000000eb080000)
  from space 1024K, 99% used [0x00000000eb080000,0x00000000eb17dd40,0x00000000eb180000)
  to   space 2048K, 0% used [0x00000000eb280000,0x00000000eb280000,0x00000000eb480000)
 ParOldGen       total 163328K, used 138509K [0x00000000c0000000, 0x00000000c9f80000, 0x00000000eab00000)
  object space 163328K, 84% used [0x00000000c0000000,0x00000000c8743438,0x00000000c9f80000)
 Metaspace       used 64081K, committed 65280K, reserved 1114112K
  class space    used 6817K, committed 7360K, reserved 1048576K
}
Event: 11.619 GC heap after
{Heap after GC invocations=117 (full 7):
 PSYoungGen      total 7680K, used 1774K [0x00000000eab00000, 0x00000000eb480000, 0x0000000100000000)
  eden space 5632K, 0% used [0x00000000eab00000,0x00000000eab00000,0x00000000eb080000)
  from space 2048K, 86% used [0x00000000eb280000,0x00000000eb43b858,0x00000000eb480000)
  to   space 2048K, 0% used [0x00000000eb080000,0x00000000eb080000,0x00000000eb280000)
 ParOldGen       total 163328K, used 138517K [0x00000000c0000000, 0x00000000c9f80000, 0x00000000eab00000)
  object space 163328K, 84% used [0x00000000c0000000,0x00000000c8745438,0x00000000c9f80000)
 Metaspace       used 64081K, committed 65280K, reserved 1114112K
  class space    used 6817K, committed 7360K, reserved 1048576K
}
Event: 11.747 GC heap before
{Heap before GC invocations=118 (full 7):
 PSYoungGen      total 7680K, used 7406K [0x00000000eab00000, 0x00000000eb480000, 0x0000000100000000)
  eden space 5632K, 100% used [0x00000000eab00000,0x00000000eb080000,0x00000000eb080000)
  from space 2048K, 86% used [0x00000000eb280000,0x00000000eb43b858,0x00000000eb480000)
  to   space 2048K, 0% used [0x00000000eb080000,0x00000000eb080000,0x00000000eb280000)
 ParOldGen       total 163328K, used 138517K [0x00000000c0000000, 0x00000000c9f80000, 0x00000000eab00000)
  object space 163328K, 84% used [0x00000000c0000000,0x00000000c8745438,0x00000000c9f80000)
 Metaspace       used 64234K, committed 65472K, reserved 1114112K
  class space    used 6832K, committed 7360K, reserved 1048576K
}
Event: 11.750 GC heap after
{Heap after GC invocations=118 (full 7):
 PSYoungGen      total 7680K, used 2032K [0x00000000eab00000, 0x00000000eb680000, 0x0000000100000000)
  eden space 5632K, 0% used [0x00000000eab00000,0x00000000eab00000,0x00000000eb080000)
  from space 2048K, 99% used [0x00000000eb080000,0x00000000eb27c000,0x00000000eb280000)
  to   space 3072K, 0% used [0x00000000eb380000,0x00000000eb380000,0x00000000eb680000)
 ParOldGen       total 163328K, used 139087K [0x00000000c0000000, 0x00000000c9f80000, 0x00000000eab00000)
  object space 163328K, 85% used [0x00000000c0000000,0x00000000c87d3f70,0x00000000c9f80000)
 Metaspace       used 64234K, committed 65472K, reserved 1114112K
  class space    used 6832K, committed 7360K, reserved 1048576K
}
Event: 11.797 GC heap before
{Heap before GC invocations=119 (full 7):
 PSYoungGen      total 7680K, used 7664K [0x00000000eab00000, 0x00000000eb680000, 0x0000000100000000)
  eden space 5632K, 100% used [0x00000000eab00000,0x00000000eb080000,0x00000000eb080000)
  from space 2048K, 99% used [0x00000000eb080000,0x00000000eb27c000,0x00000000eb280000)
  to   space 3072K, 0% used [0x00000000eb380000,0x00000000eb380000,0x00000000eb680000)
 ParOldGen       total 163328K, used 139087K [0x00000000c0000000, 0x00000000c9f80000, 0x00000000eab00000)
  object space 163328K, 85% used [0x00000000c0000000,0x00000000c87d3f70,0x00000000c9f80000)
 Metaspace       used 64275K, committed 65536K, reserved 1114112K
  class space    used 6837K, committed 7360K, reserved 1048576K
}
Event: 11.800 GC heap after
{Heap after GC invocations=119 (full 7):
 PSYoungGen      total 8704K, used 2904K [0x00000000eab00000, 0x00000000eb680000, 0x0000000100000000)
  eden space 5632K, 0% used [0x00000000eab00000,0x00000000eab00000,0x00000000eb080000)
  from space 3072K, 94% used [0x00000000eb380000,0x00000000eb656048,0x00000000eb680000)
  to   space 3072K, 0% used [0x00000000eb080000,0x00000000eb080000,0x00000000eb380000)
 ParOldGen       total 163328K, used 139095K [0x00000000c0000000, 0x00000000c9f80000, 0x00000000eab00000)
  object space 163328K, 85% used [0x00000000c0000000,0x00000000c87d5f70,0x00000000c9f80000)
 Metaspace       used 64275K, committed 65536K, reserved 1114112K
  class space    used 6837K, committed 7360K, reserved 1048576K
}
Event: 11.878 GC heap before
{Heap before GC invocations=120 (full 7):
 PSYoungGen      total 8704K, used 8536K [0x00000000eab00000, 0x00000000eb680000, 0x0000000100000000)
  eden space 5632K, 100% used [0x00000000eab00000,0x00000000eb080000,0x00000000eb080000)
  from space 3072K, 94% used [0x00000000eb380000,0x00000000eb656048,0x00000000eb680000)
  to   space 3072K, 0% used [0x00000000eb080000,0x00000000eb080000,0x00000000eb380000)
 ParOldGen       total 163328K, used 139095K [0x00000000c0000000, 0x00000000c9f80000, 0x00000000eab00000)
  object space 163328K, 85% used [0x00000000c0000000,0x00000000c87d5f70,0x00000000c9f80000)
 Metaspace       used 64290K, committed 65536K, reserved 1114112K
  class space    used 6837K, committed 7360K, reserved 1048576K
}
Event: 11.883 GC heap after
{Heap after GC invocations=120 (full 7):
 PSYoungGen      total 8704K, used 3060K [0x00000000eab00000, 0x00000000eb880000, 0x0000000100000000)
  eden space 5632K, 0% used [0x00000000eab00000,0x00000000eab00000,0x00000000eb080000)
  from space 3072K, 99% used [0x00000000eb080000,0x00000000eb37d180,0x00000000eb380000)
  to   space 4096K, 0% used [0x00000000eb480000,0x00000000eb480000,0x00000000eb880000)
 ParOldGen       total 163328K, used 139814K [0x00000000c0000000, 0x00000000c9f80000, 0x00000000eab00000)
  object space 163328K, 85% used [0x00000000c0000000,0x00000000c8889940,0x00000000c9f80000)
 Metaspace       used 64290K, committed 65536K, reserved 1114112K
  class space    used 6837K, committed 7360K, reserved 1048576K
}
Event: 11.973 GC heap before
{Heap before GC invocations=121 (full 7):
 PSYoungGen      total 8704K, used 8692K [0x00000000eab00000, 0x00000000eb880000, 0x0000000100000000)
  eden space 5632K, 100% used [0x00000000eab00000,0x00000000eb080000,0x00000000eb080000)
  from space 3072K, 99% used [0x00000000eb080000,0x00000000eb37d180,0x00000000eb380000)
  to   space 4096K, 0% used [0x00000000eb480000,0x00000000eb480000,0x00000000eb880000)
 ParOldGen       total 163328K, used 139814K [0x00000000c0000000, 0x00000000c9f80000, 0x00000000eab00000)
  object space 163328K, 85% used [0x00000000c0000000,0x00000000c8889940,0x00000000c9f80000)
 Metaspace       used 64317K, committed 65600K, reserved 1114112K
  class space    used 6840K, committed 7424K, reserved 1048576K
}
Event: 11.979 GC heap after
{Heap after GC invocations=121 (full 7):
 PSYoungGen      total 8704K, used 2865K [0x00000000eab00000, 0x00000000eb780000, 0x0000000100000000)
  eden space 5632K, 0% used [0x00000000eab00000,0x00000000eab00000,0x00000000eb080000)
  from space 3072K, 93% used [0x00000000eb480000,0x00000000eb74c418,0x00000000eb780000)
  to   space 3584K, 0% used [0x00000000eb080000,0x00000000eb080000,0x00000000eb400000)
 ParOldGen       total 163328K, used 141029K [0x00000000c0000000, 0x00000000c9f80000, 0x00000000eab00000)
  object space 163328K, 86% used [0x00000000c0000000,0x00000000c89b94c8,0x00000000c9f80000)
 Metaspace       used 64317K, committed 65600K, reserved 1114112K
  class space    used 6840K, committed 7424K, reserved 1048576K
}
Event: 12.088 GC heap before
{Heap before GC invocations=122 (full 7):
 PSYoungGen      total 8704K, used 8497K [0x00000000eab00000, 0x00000000eb780000, 0x0000000100000000)
  eden space 5632K, 100% used [0x00000000eab00000,0x00000000eb080000,0x00000000eb080000)
  from space 3072K, 93% used [0x00000000eb480000,0x00000000eb74c418,0x00000000eb780000)
  to   space 3584K, 0% used [0x00000000eb080000,0x00000000eb080000,0x00000000eb400000)
 ParOldGen       total 163328K, used 141029K [0x00000000c0000000, 0x00000000c9f80000, 0x00000000eab00000)
  object space 163328K, 86% used [0x00000000c0000000,0x00000000c89b94e0,0x00000000c9f80000)
 Metaspace       used 64417K, committed 65728K, reserved 1114112K
  class space    used 6851K, committed 7424K, reserved 1048576K
}
Event: 12.092 GC heap after
{Heap after GC invocations=122 (full 7):
 PSYoungGen      total 9216K, used 3556K [0x00000000eab00000, 0x00000000eb880000, 0x0000000100000000)
  eden space 5632K, 0% used [0x00000000eab00000,0x00000000eab00000,0x00000000eb080000)
  from space 3584K, 99% used [0x00000000eb080000,0x00000000eb3f9018,0x00000000eb400000)
  to   space 4096K, 0% used [0x00000000eb480000,0x00000000eb480000,0x00000000eb880000)
 ParOldGen       total 163328K, used 141094K [0x00000000c0000000, 0x00000000c9f80000, 0x00000000eab00000)
  object space 163328K, 86% used [0x00000000c0000000,0x00000000c89c9ba8,0x00000000c9f80000)
 Metaspace       used 64417K, committed 65728K, reserved 1114112K
  class space    used 6851K, committed 7424K, reserved 1048576K
}
Event: 12.137 GC heap before
{Heap before GC invocations=123 (full 7):
 PSYoungGen      total 9216K, used 9188K [0x00000000eab00000, 0x00000000eb880000, 0x0000000100000000)
  eden space 5632K, 100% used [0x00000000eab00000,0x00000000eb080000,0x00000000eb080000)
  from space 3584K, 99% used [0x00000000eb080000,0x00000000eb3f9018,0x00000000eb400000)
  to   space 4096K, 0% used [0x00000000eb480000,0x00000000eb480000,0x00000000eb880000)
 ParOldGen       total 163328K, used 141117K [0x00000000c0000000, 0x00000000c9f80000, 0x00000000eab00000)
  object space 163328K, 86% used [0x00000000c0000000,0x00000000c89cf490,0x00000000c9f80000)
 Metaspace       used 64546K, committed 65856K, reserved 1114112K
  class space    used 6861K, committed 7424K, reserved 1048576K
}
Event: 12.142 GC heap after
{Heap after GC invocations=123 (full 7):
 PSYoungGen      total 9216K, used 3403K [0x00000000eab00000, 0x00000000eb800000, 0x0000000100000000)
  eden space 5632K, 0% used [0x00000000eab00000,0x00000000eab00000,0x00000000eb080000)
  from space 3584K, 94% used [0x00000000eb480000,0x00000000eb7d2e08,0x00000000eb800000)
  to   space 3584K, 0% used [0x00000000eb080000,0x00000000eb080000,0x00000000eb400000)
 ParOldGen       total 163328K, used 142309K [0x00000000c0000000, 0x00000000c9f80000, 0x00000000eab00000)
  object space 163328K, 87% used [0x00000000c0000000,0x00000000c8af9468,0x00000000c9f80000)
 Metaspace       used 64546K, committed 65856K, reserved 1114112K
  class space    used 6861K, committed 7424K, reserved 1048576K
}

